Using pre-set license
Built from '2021.1/staging' branch; Version is '2021.1.7f1 (d91830b65d9b) revision 14227504'; Using compiler version '192528614'; Build Type 'Release'
OS: 'Windows 10 Home; OS build 19041.985; Version 2004; 64bit' Language: 'ko' Physical Memory: 16302 MB
BatchMode: 1, IsHumanControllingUs: 0, StartBugReporterOnCrash: 0, Is64bit: 1, IsPro: 0

 COMMAND LINE ARGUMENTS:
C:\Program Files\Unity\Hub\Editor\2021.1.7f1\Editor\Unity.exe
-adb2
-batchMode
-noUpm
-name
AssetImportWorker0
-projectPath
C:/Users/User/Documents/후이룬/Team_Project
-logFile
Logs/AssetImportWorker0.log
-srvPort
62393
Successfully changed project path to: C:/Users/User/Documents/후이룬/Team_Project
C:/Users/User/Documents/후이룬/Team_Project
Using Asset Import Pipeline V2.
Refreshing native plugins compatible for Editor in 64.60 ms, found 1 plugins.
Preloading 0 native plugins for Editor in 0.00 ms.
Initialize engine version: 2021.1.7f1 (d91830b65d9b)
[Subsystems] Discovering subsystems at path C:/Program Files/Unity/Hub/Editor/2021.1.7f1/Editor/Data/Resources/UnitySubsystems
[Subsystems] Discovering subsystems at path C:/Users/User/Documents/후이룬/Team_Project/Assets
GfxDevice: creating device client; threaded=0; jobified=0
Direct3D:
    Version:  Direct3D 11.0 [level 11.1]
    Renderer: NVIDIA GeForce RTX 2080 (ID=0x1e87)
    Vendor:   NVIDIA
    VRAM:     8010 MB
    Driver:   27.21.14.6647
Initialize mono
Mono path[0] = 'C:/Program Files/Unity/Hub/Editor/2021.1.7f1/Editor/Data/Managed'
Mono path[1] = 'C:/Program Files/Unity/Hub/Editor/2021.1.7f1/Editor/Data/MonoBleedingEdge/lib/mono/unityjit'
Mono config path = 'C:/Program Files/Unity/Hub/Editor/2021.1.7f1/Editor/Data/MonoBleedingEdge/etc'
Using monoOptions --debugger-agent=transport=dt_socket,embedding=1,server=y,suspend=n,address=127.0.0.1:56952
Begin MonoManager ReloadAssembly
Registering precompiled unity dll's ...
Register platform support module: C:/Program Files/Unity/Hub/Editor/2021.1.7f1/Editor/Data/PlaybackEngines/WebGLSupport/UnityEditor.WebGL.Extensions.dll
Register platform support module: C:/Program Files/Unity/Hub/Editor/2021.1.7f1/Editor/Data/PlaybackEngines/WindowsStandaloneSupport/UnityEditor.WindowsStandalone.Extensions.dll
Registered in 0.002442 seconds.
Native extension for WindowsStandalone target not found
Native extension for WebGL target not found
Refreshing native plugins compatible for Editor in 65.26 ms, found 1 plugins.
Preloading 0 native plugins for Editor in 0.00 ms.
Mono: successfully reloaded assembly
- Completed reload, in  1.729 seconds
Platform modules already initialized, skipping
Registering precompiled user dll's ...
Registered in 0.002717 seconds.
Begin MonoManager ReloadAssembly
Symbol file LoadedFromMemory doesn't match image C:\Users\User\Documents\후이룬\Team_Project\Library\PackageCache\com.unity.visualscripting@1.6.1\Editor\VisualScripting.Core\Dependencies\YamlDotNet\Unity.VisualScripting.YamlDotNet.dll
Symbol file LoadedFromMemory doesn't match image C:\Users\User\Documents\후이룬\Team_Project\Library\PackageCache\com.unity.visualscripting@1.6.1\Editor\VisualScripting.Core\Dependencies\DotNetZip\Unity.VisualScripting.IonicZip.dll
Native extension for WindowsStandalone target not found
Native extension for WebGL target not found
Refreshing native plugins compatible for Editor in 1.29 ms, found 1 plugins.
Preloading 0 native plugins for Editor in 0.00 ms.
Mono: successfully reloaded assembly
- Completed reload, in  1.644 seconds
Platform modules already initialized, skipping
========================================================================
Worker process is ready to serve import requests
Launched and connected shader compiler UnityShaderCompiler.exe after 0.05 seconds
Refreshing native plugins compatible for Editor in 0.43 ms, found 1 plugins.
Preloading 0 native plugins for Editor in 0.00 ms.
Unloading 2705 Unused Serialized files (Serialized files now loaded: 0)
System memory in use before: 104.0 MB.
System memory in use after: 104.1 MB.

Unloading 14 unused Assets to reduce memory usage. Loaded Objects now: 3159.
Total: 1.908100 ms (FindLiveObjects: 0.167300 ms CreateObjectMapping: 0.097600 ms MarkObjects: 1.578900 ms  DeleteObjects: 0.063400 ms)

========================================================================
Received Import Request.
  path: Assets/Minimap.renderTexture
  artifactKey: Guid(8bdc7b602c33b6e45bb84c1d565a9eef) Importer(815301076,1909f56bfc062723c751e8b465ee728b)
Start importing Assets/Minimap.renderTexture using Guid(8bdc7b602c33b6e45bb84c1d565a9eef) Importer(815301076,1909f56bfc062723c751e8b465ee728b)  -> (artifact id: 'e56799caebecaca5950efed6810307e8') in 0.078418 seconds 
========================================================================
Received Import Request.
  Time since last request: 23.157023 seconds.
  path: Assets/Prefabs/Coin Gold.prefab
  artifactKey: Guid(4bee2ae8c4fb76540b45a6442c61f4bc) Importer(815301076,1909f56bfc062723c751e8b465ee728b)
Start importing Assets/Prefabs/Coin Gold.prefab using Guid(4bee2ae8c4fb76540b45a6442c61f4bc) Importer(815301076,1909f56bfc062723c751e8b465ee728b)  -> (artifact id: '250e6b48dfd5168267045f83ab442478') in 0.034857 seconds 
========================================================================
Received Import Request.
  Time since last request: 7.094277 seconds.
  path: ProjectSettings/TagManager.asset
  artifactKey: Guid(00000000000000003000000000000000) Importer(815301076,1909f56bfc062723c751e8b465ee728b)
Start importing ProjectSettings/TagManager.asset using Guid(00000000000000003000000000000000) Importer(815301076,1909f56bfc062723c751e8b465ee728b)  -> (artifact id: 'f591ad49a7b733dae43929af09a10f80') in 0.008828 seconds 
========================================================================
Received Import Request.
  Time since last request: 23.752376 seconds.
  path: Assets/Prefabs/Coin Gold.prefab
  artifactKey: Guid(4bee2ae8c4fb76540b45a6442c61f4bc) Importer(815301076,1909f56bfc062723c751e8b465ee728b)
Start importing Assets/Prefabs/Coin Gold.prefab using Guid(4bee2ae8c4fb76540b45a6442c61f4bc) Importer(815301076,1909f56bfc062723c751e8b465ee728b)  -> (artifact id: '887d1151fd440a23980cfc7d107677c1') in 0.007349 seconds 
========================================================================
Received Import Request.
  Time since last request: 43.127136 seconds.
  path: Assets/Prefabs/Coin Gold.prefab
  artifactKey: Guid(4bee2ae8c4fb76540b45a6442c61f4bc) Importer(815301076,1909f56bfc062723c751e8b465ee728b)
Start importing Assets/Prefabs/Coin Gold.prefab using Guid(4bee2ae8c4fb76540b45a6442c61f4bc) Importer(815301076,1909f56bfc062723c751e8b465ee728b)  -> (artifact id: '4aebaf80c57944936f215ba4154f07ae') in 0.010564 seconds 
========================================================================
Received Import Request.
  Time since last request: 1.546144 seconds.
  path: Assets/Prefabs/Coin Gold.prefab
  artifactKey: Guid(4bee2ae8c4fb76540b45a6442c61f4bc) Importer(815301076,1909f56bfc062723c751e8b465ee728b)
Start importing Assets/Prefabs/Coin Gold.prefab using Guid(4bee2ae8c4fb76540b45a6442c61f4bc) Importer(815301076,1909f56bfc062723c751e8b465ee728b)  -> (artifact id: '02db7f7b4b7f4ae27ec2e2fe9e4f8794') in 0.011489 seconds 
========================================================================
Received Import Request.
  Time since last request: 33.392917 seconds.
  path: Assets/Prefabs/Coin Gold.prefab
  artifactKey: Guid(4bee2ae8c4fb76540b45a6442c61f4bc) Importer(815301076,1909f56bfc062723c751e8b465ee728b)
Start importing Assets/Prefabs/Coin Gold.prefab using Guid(4bee2ae8c4fb76540b45a6442c61f4bc) Importer(815301076,1909f56bfc062723c751e8b465ee728b)  -> (artifact id: '5af92df1ca6fcda99671e1ac2a33c485') in 0.009356 seconds 
========================================================================
Received Import Request.
  Time since last request: 3.408860 seconds.
  path: Assets/Prefabs/Coin Gold.prefab
  artifactKey: Guid(4bee2ae8c4fb76540b45a6442c61f4bc) Importer(815301076,1909f56bfc062723c751e8b465ee728b)
Start importing Assets/Prefabs/Coin Gold.prefab using Guid(4bee2ae8c4fb76540b45a6442c61f4bc) Importer(815301076,1909f56bfc062723c751e8b465ee728b)  -> (artifact id: '3a9dca4bd7127ecf333740372034dc24') in 0.012994 seconds 
========================================================================
Received Import Request.
  Time since last request: 0.594949 seconds.
  path: Assets/Prefabs/Coin Gold.prefab
  artifactKey: Guid(4bee2ae8c4fb76540b45a6442c61f4bc) Importer(815301076,1909f56bfc062723c751e8b465ee728b)
Start importing Assets/Prefabs/Coin Gold.prefab using Guid(4bee2ae8c4fb76540b45a6442c61f4bc) Importer(815301076,1909f56bfc062723c751e8b465ee728b)  -> (artifact id: '29556de3034369f237a3ec046b20b693') in 0.009768 seconds 
========================================================================
Received Import Request.
  Time since last request: 3.254310 seconds.
  path: Assets/Prefabs/Coin Gold.prefab
  artifactKey: Guid(4bee2ae8c4fb76540b45a6442c61f4bc) Importer(815301076,1909f56bfc062723c751e8b465ee728b)
Start importing Assets/Prefabs/Coin Gold.prefab using Guid(4bee2ae8c4fb76540b45a6442c61f4bc) Importer(815301076,1909f56bfc062723c751e8b465ee728b)  -> (artifact id: '5669e1c7a5b288ffdd6dae762c5afd28') in 0.006949 seconds 
========================================================================
Received Import Request.
  Time since last request: 217.564157 seconds.
  path: Assets/Scripts
  artifactKey: Guid(019c27559f333ba47904ae310dfc1836) Importer(815301076,1909f56bfc062723c751e8b465ee728b)
Start importing Assets/Scripts using Guid(019c27559f333ba47904ae310dfc1836) Importer(815301076,1909f56bfc062723c751e8b465ee728b)  -> (artifact id: '48dd52fb439593889b4acb0013469c5d') in 0.011094 seconds 
========================================================================
Received Import Request.
  Time since last request: 5.611771 seconds.
  path: Assets/Scripts/Coin.cs
  artifactKey: Guid(ab208502444e15e47ac32df2cd782285) Importer(815301076,1909f56bfc062723c751e8b465ee728b)
Start importing Assets/Scripts/Coin.cs using Guid(ab208502444e15e47ac32df2cd782285) Importer(815301076,1909f56bfc062723c751e8b465ee728b)  -> (artifact id: 'c538405d19db691aab18d041241eed48') in 0.015496 seconds 
========================================================================
Received Prepare
Registering precompiled user dll's ...
Registered in 0.002842 seconds.
Begin MonoManager ReloadAssembly
Symbol file LoadedFromMemory doesn't match image C:\Users\User\Documents\후이룬\Team_Project\Library\PackageCache\com.unity.visualscripting@1.6.1\Editor\VisualScripting.Core\Dependencies\YamlDotNet\Unity.VisualScripting.YamlDotNet.dll
Symbol file LoadedFromMemory doesn't match image C:\Users\User\Documents\후이룬\Team_Project\Library\PackageCache\com.unity.visualscripting@1.6.1\Editor\VisualScripting.Core\Dependencies\DotNetZip\Unity.VisualScripting.IonicZip.dll
Native extension for WindowsStandalone target not found
Native extension for WebGL target not found
Refreshing native plugins compatible for Editor in 0.47 ms, found 1 plugins.
Preloading 0 native plugins for Editor in 0.00 ms.
Mono: successfully reloaded assembly
- Completed reload, in  0.808 seconds
Platform modules already initialized, skipping
Refreshing native plugins compatible for Editor in 0.46 ms, found 1 plugins.
Preloading 0 native plugins for Editor in 0.00 ms.
Unloading 2702 Unused Serialized files (Serialized files now loaded: 0)
System memory in use before: 108.1 MB.
System memory in use after: 108.3 MB.

Unloading 10 unused Assets to reduce memory usage. Loaded Objects now: 3188.
Total: 1.922800 ms (FindLiveObjects: 0.209200 ms CreateObjectMapping: 0.125200 ms MarkObjects: 1.546200 ms  DeleteObjects: 0.041100 ms)

========================================================================
Received Import Request.
  Time since last request: 149.282778 seconds.
  path: Assets/Prefabs/Coin Gold.prefab
  artifactKey: Guid(4bee2ae8c4fb76540b45a6442c61f4bc) Importer(815301076,1909f56bfc062723c751e8b465ee728b)
Start importing Assets/Prefabs/Coin Gold.prefab using Guid(4bee2ae8c4fb76540b45a6442c61f4bc) Importer(815301076,1909f56bfc062723c751e8b465ee728b)  -> (artifact id: 'b71dde802dfbe5c8f0c3afb0fe7d5eeb') in 0.043882 seconds 
========================================================================
Received Prepare
Registering precompiled user dll's ...
Registered in 0.002585 seconds.
Begin MonoManager ReloadAssembly
Symbol file LoadedFromMemory doesn't match image C:\Users\User\Documents\후이룬\Team_Project\Library\PackageCache\com.unity.visualscripting@1.6.1\Editor\VisualScripting.Core\Dependencies\YamlDotNet\Unity.VisualScripting.YamlDotNet.dll
Symbol file LoadedFromMemory doesn't match image C:\Users\User\Documents\후이룬\Team_Project\Library\PackageCache\com.unity.visualscripting@1.6.1\Editor\VisualScripting.Core\Dependencies\DotNetZip\Unity.VisualScripting.IonicZip.dll
Native extension for WindowsStandalone target not found
Native extension for WebGL target not found
Refreshing native plugins compatible for Editor in 0.46 ms, found 1 plugins.
Preloading 0 native plugins for Editor in 0.00 ms.
Mono: successfully reloaded assembly
- Completed reload, in  0.757 seconds
Platform modules already initialized, skipping
Refreshing native plugins compatible for Editor in 0.50 ms, found 1 plugins.
Preloading 0 native plugins for Editor in 0.00 ms.
Unloading 2701 Unused Serialized files (Serialized files now loaded: 0)
System memory in use before: 108.2 MB.
System memory in use after: 108.3 MB.

Unloading 9 unused Assets to reduce memory usage. Loaded Objects now: 3192.
Total: 1.841100 ms (FindLiveObjects: 0.202600 ms CreateObjectMapping: 0.126100 ms MarkObjects: 1.467000 ms  DeleteObjects: 0.044600 ms)

========================================================================
Received Import Request.
  Time since last request: 318.565059 seconds.
  path: Assets/Scripts/Coin.cs
  artifactKey: Guid(ab208502444e15e47ac32df2cd782285) Importer(815301076,1909f56bfc062723c751e8b465ee728b)
Start importing Assets/Scripts/Coin.cs using Guid(ab208502444e15e47ac32df2cd782285) Importer(815301076,1909f56bfc062723c751e8b465ee728b)  -> (artifact id: '225fe19aa5391bcbc71d5369732db7d2') in 0.004245 seconds 
========================================================================
Received Import Request.
  Time since last request: 12.174522 seconds.
  path: Assets/Prefabs/Coin Gold.prefab
  artifactKey: Guid(4bee2ae8c4fb76540b45a6442c61f4bc) Importer(815301076,1909f56bfc062723c751e8b465ee728b)
Start importing Assets/Prefabs/Coin Gold.prefab using Guid(4bee2ae8c4fb76540b45a6442c61f4bc) Importer(815301076,1909f56bfc062723c751e8b465ee728b)  -> (artifact id: 'c86f229e7907549b4db38c4003b1ed67') in 0.044606 seconds 
========================================================================
Received Prepare
Registering precompiled user dll's ...
Registered in 0.002519 seconds.
Begin MonoManager ReloadAssembly
Symbol file LoadedFromMemory doesn't match image C:\Users\User\Documents\후이룬\Team_Project\Library\PackageCache\com.unity.visualscripting@1.6.1\Editor\VisualScripting.Core\Dependencies\YamlDotNet\Unity.VisualScripting.YamlDotNet.dll
Symbol file LoadedFromMemory doesn't match image C:\Users\User\Documents\후이룬\Team_Project\Library\PackageCache\com.unity.visualscripting@1.6.1\Editor\VisualScripting.Core\Dependencies\DotNetZip\Unity.VisualScripting.IonicZip.dll
Native extension for WindowsStandalone target not found
Native extension for WebGL target not found
Refreshing native plugins compatible for Editor in 0.43 ms, found 1 plugins.
Preloading 0 native plugins for Editor in 0.00 ms.
Mono: successfully reloaded assembly
- Completed reload, in  0.744 seconds
Platform modules already initialized, skipping
Refreshing native plugins compatible for Editor in 0.45 ms, found 1 plugins.
Preloading 0 native plugins for Editor in 0.00 ms.
Unloading 2701 Unused Serialized files (Serialized files now loaded: 0)
System memory in use before: 108.2 MB.
System memory in use after: 108.4 MB.

Unloading 9 unused Assets to reduce memory usage. Loaded Objects now: 3196.
Total: 1.950900 ms (FindLiveObjects: 0.196300 ms CreateObjectMapping: 0.121800 ms MarkObjects: 1.594900 ms  DeleteObjects: 0.037000 ms)

========================================================================
Received Prepare
Registering precompiled user dll's ...
Registered in 0.003232 seconds.
Begin MonoManager ReloadAssembly
Symbol file LoadedFromMemory doesn't match image C:\Users\User\Documents\후이룬\Team_Project\Library\PackageCache\com.unity.visualscripting@1.6.1\Editor\VisualScripting.Core\Dependencies\YamlDotNet\Unity.VisualScripting.YamlDotNet.dll
Symbol file LoadedFromMemory doesn't match image C:\Users\User\Documents\후이룬\Team_Project\Library\PackageCache\com.unity.visualscripting@1.6.1\Editor\VisualScripting.Core\Dependencies\DotNetZip\Unity.VisualScripting.IonicZip.dll
Native extension for WindowsStandalone target not found
Native extension for WebGL target not found
Refreshing native plugins compatible for Editor in 0.44 ms, found 1 plugins.
Preloading 0 native plugins for Editor in 0.00 ms.
Mono: successfully reloaded assembly
- Completed reload, in  0.798 seconds
Platform modules already initialized, skipping
Refreshing native plugins compatible for Editor in 0.45 ms, found 1 plugins.
Preloading 0 native plugins for Editor in 0.00 ms.
Unloading 2701 Unused Serialized files (Serialized files now loaded: 0)
System memory in use before: 108.2 MB.
System memory in use after: 108.4 MB.

Unloading 9 unused Assets to reduce memory usage. Loaded Objects now: 3199.
Total: 1.756700 ms (FindLiveObjects: 0.175600 ms CreateObjectMapping: 0.098800 ms MarkObjects: 1.444000 ms  DeleteObjects: 0.037700 ms)

========================================================================
Received Import Request.
  Time since last request: 284.599313 seconds.
  path: Assets/Scripts/Coin.cs
  artifactKey: Guid(ab208502444e15e47ac32df2cd782285) Importer(815301076,1909f56bfc062723c751e8b465ee728b)
Start importing Assets/Scripts/Coin.cs using Guid(ab208502444e15e47ac32df2cd782285) Importer(815301076,1909f56bfc062723c751e8b465ee728b)  -> (artifact id: '34feae9ba2a0a569216b88542bc66e57') in 0.005122 seconds 
========================================================================
Received Import Request.
  Time since last request: 11.505647 seconds.
  path: ProjectSettings/TagManager.asset
  artifactKey: Guid(00000000000000003000000000000000) Importer(815301076,1909f56bfc062723c751e8b465ee728b)
Start importing ProjectSettings/TagManager.asset using Guid(00000000000000003000000000000000) Importer(815301076,1909f56bfc062723c751e8b465ee728b)  -> (artifact id: '97efaeae57784ba67247a7668b3e55d7') in 0.009315 seconds 
========================================================================
Received Import Request.
  Time since last request: 19.866076 seconds.
  path: Assets/Prefabs/Coin Gold.prefab
  artifactKey: Guid(4bee2ae8c4fb76540b45a6442c61f4bc) Importer(815301076,1909f56bfc062723c751e8b465ee728b)
Start importing Assets/Prefabs/Coin Gold.prefab using Guid(4bee2ae8c4fb76540b45a6442c61f4bc) Importer(815301076,1909f56bfc062723c751e8b465ee728b)  -> (artifact id: '850d0803ed5b584dd615b8e0cf145b33') in 0.036542 seconds 
========================================================================
Received Prepare
Registering precompiled user dll's ...
Registered in 0.002611 seconds.
Begin MonoManager ReloadAssembly
Symbol file LoadedFromMemory doesn't match image C:\Users\User\Documents\후이룬\Team_Project\Library\PackageCache\com.unity.visualscripting@1.6.1\Editor\VisualScripting.Core\Dependencies\YamlDotNet\Unity.VisualScripting.YamlDotNet.dll
Symbol file LoadedFromMemory doesn't match image C:\Users\User\Documents\후이룬\Team_Project\Library\PackageCache\com.unity.visualscripting@1.6.1\Editor\VisualScripting.Core\Dependencies\DotNetZip\Unity.VisualScripting.IonicZip.dll
Native extension for WindowsStandalone target not found
Native extension for WebGL target not found
Refreshing native plugins compatible for Editor in 0.45 ms, found 1 plugins.
Preloading 0 native plugins for Editor in 0.00 ms.
Mono: successfully reloaded assembly
- Completed reload, in  0.762 seconds
Platform modules already initialized, skipping
Refreshing native plugins compatible for Editor in 0.79 ms, found 1 plugins.
Preloading 0 native plugins for Editor in 0.00 ms.
Unloading 2701 Unused Serialized files (Serialized files now loaded: 0)
System memory in use before: 108.2 MB.
System memory in use after: 108.4 MB.

Unloading 10 unused Assets to reduce memory usage. Loaded Objects now: 3203.
Total: 2.142000 ms (FindLiveObjects: 0.240300 ms CreateObjectMapping: 0.138800 ms MarkObjects: 1.712200 ms  DeleteObjects: 0.049500 ms)

========================================================================
Received Import Request.
  Time since last request: 122.230641 seconds.
  path: Assets/Scripts/Coin.cs
  artifactKey: Guid(ab208502444e15e47ac32df2cd782285) Importer(815301076,1909f56bfc062723c751e8b465ee728b)
Start importing Assets/Scripts/Coin.cs using Guid(ab208502444e15e47ac32df2cd782285) Importer(815301076,1909f56bfc062723c751e8b465ee728b)  -> (artifact id: '3e2eebd994be583e6dc4adbf9d52d5ed') in 0.004451 seconds 
========================================================================
Received Import Request.
  Time since last request: 4.739352 seconds.
  path: Assets/Mini Legion Grunt PBR HP Polyart/FreePromo.jpg
  artifactKey: Guid(647d557aa7bda5d46857ac29a4ea8b8e) Importer(815301076,1909f56bfc062723c751e8b465ee728b)
Start importing Assets/Mini Legion Grunt PBR HP Polyart/FreePromo.jpg using Guid(647d557aa7bda5d46857ac29a4ea8b8e) Importer(815301076,1909f56bfc062723c751e8b465ee728b)  -> (artifact id: '56a1c6ca010f2d689bcf7df1e2765816') in 0.084331 seconds 
========================================================================
Received Import Request.
  Time since last request: 4.865530 seconds.
  path: Assets/Prefabs/Coin Gold.prefab
  artifactKey: Guid(4bee2ae8c4fb76540b45a6442c61f4bc) Importer(815301076,1909f56bfc062723c751e8b465ee728b)
Start importing Assets/Prefabs/Coin Gold.prefab using Guid(4bee2ae8c4fb76540b45a6442c61f4bc) Importer(815301076,1909f56bfc062723c751e8b465ee728b)  -> (artifact id: 'fc6209fac7688c8d0986fa774dd4e5b0') in 0.030221 seconds 
========================================================================
Received Prepare
Registering precompiled user dll's ...
Registered in 0.002582 seconds.
Begin MonoManager ReloadAssembly
Symbol file LoadedFromMemory doesn't match image C:\Users\User\Documents\후이룬\Team_Project\Library\PackageCache\com.unity.visualscripting@1.6.1\Editor\VisualScripting.Core\Dependencies\YamlDotNet\Unity.VisualScripting.YamlDotNet.dll
Symbol file LoadedFromMemory doesn't match image C:\Users\User\Documents\후이룬\Team_Project\Library\PackageCache\com.unity.visualscripting@1.6.1\Editor\VisualScripting.Core\Dependencies\DotNetZip\Unity.VisualScripting.IonicZip.dll
Native extension for WindowsStandalone target not found
Native extension for WebGL target not found
Refreshing native plugins compatible for Editor in 0.47 ms, found 1 plugins.
Preloading 0 native plugins for Editor in 0.00 ms.
Mono: successfully reloaded assembly
- Completed reload, in  0.767 seconds
Platform modules already initialized, skipping
Refreshing native plugins compatible for Editor in 0.48 ms, found 1 plugins.
Preloading 0 native plugins for Editor in 0.00 ms.
Unloading 2701 Unused Serialized files (Serialized files now loaded: 0)
System memory in use before: 110.7 MB.
System memory in use after: 110.9 MB.

Unloading 10 unused Assets to reduce memory usage. Loaded Objects now: 3222.
Total: 1.888600 ms (FindLiveObjects: 0.214000 ms CreateObjectMapping: 0.153400 ms MarkObjects: 1.479300 ms  DeleteObjects: 0.040900 ms)

========================================================================
Received Import Request.
  Time since last request: 12.005414 seconds.
  path: Assets/Scripts/Player.cs
  artifactKey: Guid(a41eed0d5c2c65147ba8ed550d4c2e6f) Importer(815301076,1909f56bfc062723c751e8b465ee728b)
Start importing Assets/Scripts/Player.cs using Guid(a41eed0d5c2c65147ba8ed550d4c2e6f) Importer(815301076,1909f56bfc062723c751e8b465ee728b)  -> (artifact id: '4b77a726a3a234ca4e2c243a4672cc8a') in 0.007781 seconds 
========================================================================
Received Prepare
Registering precompiled user dll's ...
Registered in 0.002603 seconds.
Begin MonoManager ReloadAssembly
Symbol file LoadedFromMemory doesn't match image C:\Users\User\Documents\후이룬\Team_Project\Library\PackageCache\com.unity.visualscripting@1.6.1\Editor\VisualScripting.Core\Dependencies\YamlDotNet\Unity.VisualScripting.YamlDotNet.dll
Symbol file LoadedFromMemory doesn't match image C:\Users\User\Documents\후이룬\Team_Project\Library\PackageCache\com.unity.visualscripting@1.6.1\Editor\VisualScripting.Core\Dependencies\DotNetZip\Unity.VisualScripting.IonicZip.dll
Native extension for WindowsStandalone target not found
Native extension for WebGL target not found
Refreshing native plugins compatible for Editor in 0.44 ms, found 1 plugins.
Preloading 0 native plugins for Editor in 0.00 ms.
Mono: successfully reloaded assembly
- Completed reload, in  0.796 seconds
Platform modules already initialized, skipping
Refreshing native plugins compatible for Editor in 0.45 ms, found 1 plugins.
Preloading 0 native plugins for Editor in 0.00 ms.
Unloading 2700 Unused Serialized files (Serialized files now loaded: 0)
System memory in use before: 110.7 MB.
System memory in use after: 110.9 MB.

Unloading 9 unused Assets to reduce memory usage. Loaded Objects now: 3225.
Total: 1.908900 ms (FindLiveObjects: 0.209300 ms CreateObjectMapping: 0.129400 ms MarkObjects: 1.531200 ms  DeleteObjects: 0.038200 ms)

========================================================================
Received Import Request.
  Time since last request: 103.572456 seconds.
  path: Assets/Scripts/Player.cs
  artifactKey: Guid(a41eed0d5c2c65147ba8ed550d4c2e6f) Importer(815301076,1909f56bfc062723c751e8b465ee728b)
Start importing Assets/Scripts/Player.cs using Guid(a41eed0d5c2c65147ba8ed550d4c2e6f) Importer(815301076,1909f56bfc062723c751e8b465ee728b)  -> (artifact id: '3c6675013e079b492bb784e26abc9aac') in 0.004764 seconds 
========================================================================
Received Prepare
Registering precompiled user dll's ...
Registered in 0.002635 seconds.
Begin MonoManager ReloadAssembly
Symbol file LoadedFromMemory doesn't match image C:\Users\User\Documents\후이룬\Team_Project\Library\PackageCache\com.unity.visualscripting@1.6.1\Editor\VisualScripting.Core\Dependencies\YamlDotNet\Unity.VisualScripting.YamlDotNet.dll
Symbol file LoadedFromMemory doesn't match image C:\Users\User\Documents\후이룬\Team_Project\Library\PackageCache\com.unity.visualscripting@1.6.1\Editor\VisualScripting.Core\Dependencies\DotNetZip\Unity.VisualScripting.IonicZip.dll
Native extension for WindowsStandalone target not found
Native extension for WebGL target not found
Refreshing native plugins compatible for Editor in 0.45 ms, found 1 plugins.
Preloading 0 native plugins for Editor in 0.00 ms.
Mono: successfully reloaded assembly
- Completed reload, in  0.922 seconds
Platform modules already initialized, skipping
Refreshing native plugins compatible for Editor in 0.43 ms, found 1 plugins.
Preloading 0 native plugins for Editor in 0.00 ms.
Unloading 2700 Unused Serialized files (Serialized files now loaded: 0)
System memory in use before: 110.7 MB.
System memory in use after: 110.9 MB.

Unloading 9 unused Assets to reduce memory usage. Loaded Objects now: 3228.
Total: 1.958500 ms (FindLiveObjects: 0.184900 ms CreateObjectMapping: 0.105000 ms MarkObjects: 1.633100 ms  DeleteObjects: 0.034800 ms)

========================================================================
Received Import Request.
  Time since last request: 61.756062 seconds.
  path: Assets/Prefabs/Coin Gold.prefab
  artifactKey: Guid(4bee2ae8c4fb76540b45a6442c61f4bc) Importer(815301076,1909f56bfc062723c751e8b465ee728b)
Start importing Assets/Prefabs/Coin Gold.prefab using Guid(4bee2ae8c4fb76540b45a6442c61f4bc) Importer(815301076,1909f56bfc062723c751e8b465ee728b)  -> (artifact id: '4a4987ea6a2267547505dfc23c45ded3') in 0.042340 seconds 
========================================================================
Received Prepare
Registering precompiled user dll's ...
Registered in 0.003802 seconds.
Begin MonoManager ReloadAssembly
Symbol file LoadedFromMemory doesn't match image C:\Users\User\Documents\후이룬\Team_Project\Library\PackageCache\com.unity.visualscripting@1.6.1\Editor\VisualScripting.Core\Dependencies\YamlDotNet\Unity.VisualScripting.YamlDotNet.dll
Symbol file LoadedFromMemory doesn't match image C:\Users\User\Documents\후이룬\Team_Project\Library\PackageCache\com.unity.visualscripting@1.6.1\Editor\VisualScripting.Core\Dependencies\DotNetZip\Unity.VisualScripting.IonicZip.dll
Native extension for WindowsStandalone target not found
Native extension for WebGL target not found
Refreshing native plugins compatible for Editor in 0.44 ms, found 1 plugins.
Preloading 0 native plugins for Editor in 0.00 ms.
Mono: successfully reloaded assembly
- Completed reload, in  0.883 seconds
Platform modules already initialized, skipping
Refreshing native plugins compatible for Editor in 0.44 ms, found 1 plugins.
Preloading 0 native plugins for Editor in 0.00 ms.
Unloading 2700 Unused Serialized files (Serialized files now loaded: 0)
System memory in use before: 110.7 MB.
System memory in use after: 110.9 MB.

Unloading 9 unused Assets to reduce memory usage. Loaded Objects now: 3232.
Total: 1.847100 ms (FindLiveObjects: 0.181600 ms CreateObjectMapping: 0.102800 ms MarkObjects: 1.528400 ms  DeleteObjects: 0.033700 ms)

AssetImportWorkerClient::OnTransportError - code=2 error=End of file
